<?xml version="1.0" encoding="UTF-8" ?>
<testsuite tests="7" failures="0" name="org.google.web.controller.UserControllerTest" time="6.376" errors="0" skipped="0">
  <properties>
    <property name="idea.version" value="2016.2.4"/>
    <property name="java.runtime.name" value="Java(TM) SE Runtime Environment"/>
    <property name="sun.boot.library.path" value="E:\Java\jdk1.8.0_121\jre\bin"/>
    <property name="java.vm.version" value="25.121-b13"/>
    <property name="java.vm.vendor" value="Oracle Corporation"/>
    <property name="java.vendor.url" value="http://java.oracle.com/"/>
    <property name="path.separator" value=";"/>
    <property name="guice.disable.misplaced.annotation.check" value="true"/>
    <property name="java.vm.name" value="Java HotSpot(TM) 64-Bit Server VM"/>
    <property name="file.encoding.pkg" value="sun.io"/>
    <property name="idea.launcher.port" value="7536"/>
    <property name="user.script" value=""/>
    <property name="user.country" value="CN"/>
    <property name="sun.java.launcher" value="SUN_STANDARD"/>
    <property name="sun.os.patch.level" value="Service Pack 1"/>
    <property name="java.vm.specification.name" value="Java Virtual Machine Specification"/>
    <property name="user.dir" value="F:\application\google-security\security-demo"/>
    <property name="java.runtime.version" value="1.8.0_121-b13"/>
    <property name="java.awt.graphicsenv" value="sun.awt.Win32GraphicsEnvironment"/>
    <property name="java.endorsed.dirs" value="E:\Java\jdk1.8.0_121\jre\lib\endorsed"/>
    <property name="os.arch" value="amd64"/>
    <property name="java.io.tmpdir" value="C:\Users\wbcaoa\AppData\Local\Temp\"/>
    <property name="line.separator" value="
"/>
    <property name="java.vm.specification.vendor" value="Oracle Corporation"/>
    <property name="user.variant" value=""/>
    <property name="os.name" value="Windows 7"/>
    <property name="classworlds.conf" value="E:\JetBrains\IntelliJ IDEA 2016.2.4\plugins\maven\lib\maven3\bin\m2.conf"/>
    <property name="sun.jnu.encoding" value="GBK"/>
    <property name="java.library.path" value="E:\Java\jdk1.8.0_121\bin;C:\Windows\Sun\Java\bin;C:\Windows\system32;C:\Windows;C:\ProgramData\Oracle\Java\javapath;C:\Program Files (x86)\Common Files\Intel\Shared Libraries\redist\intel64\compiler;C:\Windows\system32;C:\Windows;C:\Windows\System32\Wbem;C:\Windows\System32\WindowsPowerShell\v1.0\;C:\Program Files (x86)\NVIDIA Corporation\PhysX\Common;C:\Program Files\Common Files\Autodesk Shared\;C:\Program Files (x86)\GtkSharp\2.12\bin;C:\Program Files (x86)\Autodesk\Backburner\;C:\Program Files (x86)\Common Files\Autodesk Shared\;E:\Java\jdk1.8.0_121\bin;E:\Java\jdk1.8.0_121\jre\bin;E:\MySQL\MySQL Server 5.5\bin;C:\Program Files (x86)\scala\bin;E:\apache-tomcat-8.5.6\lib;E:\apache-tomcat-8.5.6\bin;E:\apache-maven-3.3.9\bin;C:\Windows\system32;C:\Windows;C:\Windows\System32\Wbem;e:\Program Files\Git\cmd;C:\Python27\;C:\Python27\Scripts;C:\Program Files\nodejs\;C:\Program Files\TortoiseSVN\bin;C:\Users\wbcaoa\AppData\Roaming\npm;C:\Users\wbcaoa\AppData\Local\GitHubDesktop\bin;C:\Users\wbcaoa\AppData\Local\atom\bin;."/>
    <property name="java.specification.name" value="Java Platform API Specification"/>
    <property name="java.class.version" value="52.0"/>
    <property name="sun.management.compiler" value="HotSpot 64-Bit Tiered Compilers"/>
    <property name="os.version" value="6.1"/>
    <property name="user.home" value="C:\Users\wbcaoa"/>
    <property name="user.timezone" value="Asia/Shanghai"/>
    <property name="java.awt.printerjob" value="sun.awt.windows.WPrinterJob"/>
    <property name="java.specification.version" value="1.8"/>
    <property name="idea.launcher.bin.path" value="E:\JetBrains\IntelliJ IDEA 2016.2.4\bin"/>
    <property name="file.encoding" value="UTF-8"/>
    <property name="user.name" value="wbcaoa"/>
    <property name="java.class.path" value="E:\JetBrains\IntelliJ IDEA 2016.2.4\plugins\maven\lib\maven3\boot\plexus-classworlds-2.4.jar;E:\JetBrains\IntelliJ IDEA 2016.2.4\lib\idea_rt.jar"/>
    <property name="java.vm.specification.version" value="1.8"/>
    <property name="sun.arch.data.model" value="64"/>
    <property name="java.home" value="E:\Java\jdk1.8.0_121\jre"/>
    <property name="sun.java.command" value="com.intellij.rt.execution.application.AppMain org.codehaus.classworlds.Launcher -Didea.version=2016.2.4 install"/>
    <property name="java.specification.vendor" value="Oracle Corporation"/>
    <property name="user.language" value="zh"/>
    <property name="awt.toolkit" value="sun.awt.windows.WToolkit"/>
    <property name="java.vm.info" value="mixed mode"/>
    <property name="java.version" value="1.8.0_121"/>
    <property name="java.ext.dirs" value="E:\Java\jdk1.8.0_121\jre\lib\ext;C:\Windows\Sun\Java\lib\ext"/>
    <property name="sun.boot.class.path" value="E:\Java\jdk1.8.0_121\jre\lib\resources.jar;E:\Java\jdk1.8.0_121\jre\lib\rt.jar;E:\Java\jdk1.8.0_121\jre\lib\sunrsasign.jar;E:\Java\jdk1.8.0_121\jre\lib\jsse.jar;E:\Java\jdk1.8.0_121\jre\lib\jce.jar;E:\Java\jdk1.8.0_121\jre\lib\charsets.jar;E:\Java\jdk1.8.0_121\jre\lib\jfr.jar;E:\Java\jdk1.8.0_121\jre\classes"/>
    <property name="java.vendor" value="Oracle Corporation"/>
    <property name="maven.home" value="E:\JetBrains\IntelliJ IDEA 2016.2.4\plugins\maven\lib\maven3"/>
    <property name="file.separator" value="\"/>
    <property name="java.vendor.url.bug" value="http://bugreport.sun.com/bugreport/"/>
    <property name="sun.cpu.endian" value="little"/>
    <property name="sun.io.unicode.encoding" value="UnicodeLittle"/>
    <property name="sun.desktop" value="windows"/>
    <property name="sun.cpu.isalist" value="amd64"/>
  </properties>
  <testcase classname="org.google.web.controller.UserControllerTest" name="whenUploadSuccess" time="0.093"/>
  <testcase classname="org.google.web.controller.UserControllerTest" name="whenGetInfoFail" time="0.01"/>
  <testcase classname="org.google.web.controller.UserControllerTest" name="whenQuerySuccess" time="0.051"/>
  <testcase classname="org.google.web.controller.UserControllerTest" name="whenCreateSuccess" time="0.083"/>
  <testcase classname="org.google.web.controller.UserControllerTest" name="whenUpdateSuccess" time="0.017"/>
  <testcase classname="org.google.web.controller.UserControllerTest" name="whenDeleteSuccess" time="0.011"/>
  <testcase classname="org.google.web.controller.UserControllerTest" name="whenGetInfoSuccess" time="0.011"/>
</testsuite>